#
# There is insufficient memory for the Java Runtime Environment to continue.
# Native memory allocation (malloc) failed to allocate 938016 bytes for Chunk::new
# Possible reasons:
#   The system is out of physical RAM or swap space
#   The process is running with CompressedOops enabled, and the Java Heap may be blocking the growth of the native heap
# Possible solutions:
#   Reduce memory load on the system
#   Increase physical memory or swap space
#   Check if swap backing store is full
#   Decrease Java heap size (-Xmx/-Xms)
#   Decrease number of Java threads
#   Decrease Java thread stack sizes (-Xss)
#   Set larger code cache with -XX:ReservedCodeCacheSize=
#   JVM is running with Unscaled Compressed Oops mode in which the Java heap is
#     placed in the first 4GB address space. The Java Heap base address is the
#     maximum limit for the native heap growth. Please use -XX:HeapBaseMinAddress
#     to set the Java Heap base and to place the Java Heap above 4GB virtual address.
# This output file may be truncated or incomplete.
#
#  Out of Memory Error (./open/src/hotspot/share/memory/arena.cpp:197), pid=11368, tid=22848
#
# JRE version: Java(TM) SE Runtime Environment 18.9 (11.0.24+7) (build 11.0.24+7-LTS-271)
# Java VM: Java HotSpot(TM) 64-Bit Server VM 18.9 (11.0.24+7-LTS-271, mixed mode, tiered, compressed oops, g1 gc, windows-amd64)
# No core dump will be written. Minidumps are not enabled by default on client versions of Windows
#

---------------  S U M M A R Y ------------

Command Line: -Dfile.encoding=UTF-8 -Dstdout.encoding=UTF-8 -Dstderr.encoding=UTF-8 StoreApp.StoreApp.StoreAppApplication

Host: AMD Ryzen 7 5800H with Radeon Graphics         , 16 cores, 5G,  Windows 11 , 64 bit Build 22621 (10.0.22621.457)
Time: Wed May 14 20:07:51 2025 SE Asia Standard Time elapsed time: 51.335889 seconds (0d 0h 0m 51s)

---------------  T H R E A D  ---------------

Current thread (0x000002126ac85000):  JavaThread "C2 CompilerThread0" daemon [_thread_in_native, id=22848, stack(0x000000da30600000,0x000000da30700000)]


Current CompileTask:
C2:  51336 7488       4       org.springframework.beans.factory.support.AbstractBeanFactory::isTypeMatch (607 bytes)

Stack: [0x000000da30600000,0x000000da30700000]
Native frames: (J=compiled Java code, j=interpreted, Vv=VM code, C=native code)
V  [jvm.dll+0x657ffa]
V  [jvm.dll+0x799f7f]
V  [jvm.dll+0x79b649]
V  [jvm.dll+0x79bcf3]
V  [jvm.dll+0x255535]
V  [jvm.dll+0xb310c]
V  [jvm.dll+0xb371c]
V  [jvm.dll+0x2c6942]
V  [jvm.dll+0x567c97]
V  [jvm.dll+0x20e727]
V  [jvm.dll+0x210dd6]
V  [jvm.dll+0x20ddf4]
V  [jvm.dll+0x18b361]
V  [jvm.dll+0x21e594]
V  [jvm.dll+0x21c8bc]
V  [jvm.dll+0x75de51]
V  [jvm.dll+0x756774]
V  [jvm.dll+0x656ea5]
C  [ucrtbase.dll+0x29363]
C  [KERNEL32.DLL+0x1244d]
C  [ntdll.dll+0x5df78]


---------------  P R O C E S S  ---------------

Threads class SMR info:
_java_thread_list=0x000002126bc36570, length=31, elements={
0x000002126a315800, 0x000002126a31f000, 0x000002126a333000, 0x000002126a335000,
0x000002126a336800, 0x000002126ac85000, 0x000002126ac97000, 0x000002126ac9a800,
0x000002126ae38000, 0x000002126fe2a800, 0x0000021270ab1800, 0x000002126f9ac800,
0x00000212709c3800, 0x000002126fc89800, 0x000002126df2c800, 0x000002126df2f000,
0x000002126df2d000, 0x000002126df2e000, 0x000002126b7eb800, 0x000002126b7ec800,
0x000002126b7ed000, 0x000002126b7ef800, 0x000002126b7ea000, 0x000002126b7ee000,
0x000002126b7ef000, 0x000002126b7f0800, 0x000002126b7ea800, 0x000002126b7f1000,
0x000002126b7f3800, 0x0000021272d80800, 0x000002126f09b800
}

Java Threads: ( => current thread )
  0x000002126a315800 JavaThread "Reference Handler" daemon [_thread_blocked, id=8792, stack(0x000000da30100000,0x000000da30200000)]
  0x000002126a31f000 JavaThread "Finalizer" daemon [_thread_blocked, id=15772, stack(0x000000da30200000,0x000000da30300000)]
  0x000002126a333000 JavaThread "Signal Dispatcher" daemon [_thread_blocked, id=11912, stack(0x000000da30300000,0x000000da30400000)]
  0x000002126a335000 JavaThread "Attach Listener" daemon [_thread_blocked, id=11704, stack(0x000000da30400000,0x000000da30500000)]
  0x000002126a336800 JavaThread "Service Thread" daemon [_thread_blocked, id=17024, stack(0x000000da30500000,0x000000da30600000)]
=>0x000002126ac85000 JavaThread "C2 CompilerThread0" daemon [_thread_in_native, id=22848, stack(0x000000da30600000,0x000000da30700000)]
  0x000002126ac97000 JavaThread "C1 CompilerThread0" daemon [_thread_blocked, id=11996, stack(0x000000da30700000,0x000000da30800000)]
  0x000002126ac9a800 JavaThread "Sweeper thread" daemon [_thread_blocked, id=19944, stack(0x000000da30800000,0x000000da30900000)]
  0x000002126ae38000 JavaThread "Common-Cleaner" daemon [_thread_blocked, id=21948, stack(0x000000da30b00000,0x000000da30c00000)]
  0x000002126fe2a800 JavaThread "Catalina-utility-1" [_thread_blocked, id=10856, stack(0x000000da31200000,0x000000da31300000)]
  0x0000021270ab1800 JavaThread "Catalina-utility-2" [_thread_blocked, id=3000, stack(0x000000da31b00000,0x000000da31c00000)]
  0x000002126f9ac800 JavaThread "container-0" [_thread_blocked, id=22400, stack(0x000000da31c00000,0x000000da31d00000)]
  0x00000212709c3800 JavaThread "mysql-cj-abandoned-connection-cleanup" daemon [_thread_blocked, id=3272, stack(0x000000da31d00000,0x000000da31e00000)]
  0x000002126fc89800 JavaThread "HikariPool-1 housekeeper" daemon [_thread_blocked, id=14432, stack(0x000000da32300000,0x000000da32400000)]
  0x000002126df2c800 JavaThread "Live Reload Server" daemon [_thread_in_native, id=2976, stack(0x000000da32600000,0x000000da32700000)]
  0x000002126df2f000 JavaThread "File Watcher" daemon [_thread_blocked, id=13032, stack(0x000000da32500000,0x000000da32600000)]
  0x000002126df2d000 JavaThread "http-nio-8080-exec-1" daemon [_thread_in_vm, id=11572, stack(0x000000da32700000,0x000000da32800000)]
  0x000002126df2e000 JavaThread "http-nio-8080-exec-2" daemon [_thread_in_vm, id=2952, stack(0x000000da32800000,0x000000da32900000)]
  0x000002126b7eb800 JavaThread "http-nio-8080-exec-3" daemon [_thread_in_vm, id=8968, stack(0x000000da32900000,0x000000da32a00000)]
  0x000002126b7ec800 JavaThread "http-nio-8080-exec-4" daemon [_thread_blocked, id=17760, stack(0x000000da32a00000,0x000000da32b00000)]
  0x000002126b7ed000 JavaThread "http-nio-8080-exec-5" daemon [_thread_blocked, id=23652, stack(0x000000da32b00000,0x000000da32c00000)]
  0x000002126b7ef800 JavaThread "http-nio-8080-exec-6" daemon [_thread_blocked, id=20336, stack(0x000000da32c00000,0x000000da32d00000)]
  0x000002126b7ea000 JavaThread "http-nio-8080-exec-7" daemon [_thread_blocked, id=2840, stack(0x000000da32d00000,0x000000da32e00000)]
  0x000002126b7ee000 JavaThread "http-nio-8080-exec-8" daemon [_thread_blocked, id=9284, stack(0x000000da32e00000,0x000000da32f00000)]
  0x000002126b7ef000 JavaThread "http-nio-8080-exec-9" daemon [_thread_blocked, id=5212, stack(0x000000da32f00000,0x000000da33000000)]
  0x000002126b7f0800 JavaThread "http-nio-8080-exec-10" daemon [_thread_blocked, id=19152, stack(0x000000da33000000,0x000000da33100000)]
  0x000002126b7ea800 JavaThread "http-nio-8080-Poller" daemon [_thread_in_native, id=16632, stack(0x000000da33100000,0x000000da33200000)]
  0x000002126b7f1000 JavaThread "http-nio-8080-Acceptor" daemon [_thread_in_native, id=5032, stack(0x000000da33200000,0x000000da33300000)]
  0x000002126b7f3800 JavaThread "DestroyJavaVM" [_thread_blocked, id=4840, stack(0x000000da2fa00000,0x000000da2fb00000)]
  0x0000021272d80800 JavaThread "C2 CompilerThread1" daemon [_thread_in_native, id=16016, stack(0x000000da30d00000,0x000000da30e00000)]
  0x000002126f09b800 JavaThread "C2 CompilerThread2" daemon [_thread_in_native, id=4064, stack(0x000000da30e00000,0x000000da30f00000)]

Other Threads:
  0x000002126a314000 VMThread "VM Thread" [stack: 0x000000da30000000,0x000000da30100000] [id=10716]
  0x000002126ae2a800 WatcherThread [stack: 0x000000da30a00000,0x000000da30b00000] [id=14908]
  0x000002124cc44000 GCTaskThread "GC Thread#0" [stack: 0x000000da2fb00000,0x000000da2fc00000] [id=14080]
  0x000002126bb45000 GCTaskThread "GC Thread#1" [stack: 0x000000da30f00000,0x000000da31000000] [id=16528]
  0x000002126c46a800 GCTaskThread "GC Thread#2" [stack: 0x000000da31300000,0x000000da31400000] [id=24188]
  0x000002126c4b6800 GCTaskThread "GC Thread#3" [stack: 0x000000da31400000,0x000000da31500000] [id=24436]
  0x000002126c4b7000 GCTaskThread "GC Thread#4" [stack: 0x000000da31500000,0x000000da31600000] [id=1948]
  0x000002126c4b9000 GCTaskThread "GC Thread#5" [stack: 0x000000da31600000,0x000000da31700000] [id=8976]
  0x000002126c4b9800 GCTaskThread "GC Thread#6" [stack: 0x000000da31700000,0x000000da31800000] [id=23488]
  0x000002126c4ba800 GCTaskThread "GC Thread#7" [stack: 0x000000da31800000,0x000000da31900000] [id=9716]
  0x000002126f30f000 GCTaskThread "GC Thread#8" [stack: 0x000000da31e00000,0x000000da31f00000] [id=9880]
  0x000002126f50a800 GCTaskThread "GC Thread#9" [stack: 0x000000da31f00000,0x000000da32000000] [id=11096]
  0x00000212709c2800 GCTaskThread "GC Thread#10" [stack: 0x000000da32000000,0x000000da32100000] [id=24504]
  0x000002126f20b000 GCTaskThread "GC Thread#11" [stack: 0x000000da32100000,0x000000da32200000] [id=9320]
  0x000002124cc6c000 ConcurrentGCThread "G1 Main Marker" [stack: 0x000000da2fc00000,0x000000da2fd00000] [id=16324]
  0x000002124cc6e000 ConcurrentGCThread "G1 Conc#0" [stack: 0x000000da2fd00000,0x000000da2fe00000] [id=10596]
  0x000002126bc36000 ConcurrentGCThread "G1 Conc#1" [stack: 0x000000da31900000,0x000000da31a00000] [id=13920]
  0x000002126c60b000 ConcurrentGCThread "G1 Conc#2" [stack: 0x000000da31a00000,0x000000da31b00000] [id=15032]
  0x000002126a161800 ConcurrentGCThread "G1 Refine#0" [stack: 0x000000da2fe00000,0x000000da2ff00000] [id=22312]
  0x000002124cced800 ConcurrentGCThread "G1 Young RemSet Sampling" [stack: 0x000000da2ff00000,0x000000da30000000] [id=2928]

Threads with active compile tasks:
C2 CompilerThread0    51377 7488       4       org.springframework.beans.factory.support.AbstractBeanFactory::isTypeMatch (607 bytes)
C2 CompilerThread1    51377 7492       4       java.lang.invoke.MethodType::makeImpl (108 bytes)
C2 CompilerThread2    51377 7501       4       java.lang.reflect.Proxy::isProxyClass (22 bytes)

VM state:not at safepoint (normal execution)

VM Mutex/Monitor currently owned by a thread: None

Heap address: 0x00000000a2400000, size: 1500 MB, Compressed Oops mode: 32-bit
Narrow klass base: 0x0000000000000000, Narrow klass shift: 3
Compressed class space size: 1073741824 Address: 0x0000000100000000

Heap:
 garbage-first heap   total 115712K, used 42641K [0x00000000a2400000, 0x0000000100000000)
  region size 1024K, 17 young (17408K), 6 survivors (6144K)
 Metaspace       used 70896K, capacity 72681K, committed 72828K, reserved 1112064K
  class space    used 8971K, capacity 9673K, committed 9728K, reserved 1048576K
Heap Regions: E=young(eden), S=young(survivor), O=old, HS=humongous(starts), HC=humongous(continues), CS=collection set, F=free, A=archive, TAMS=top-at-mark-start (previous, next)
|   0|0x00000000a2400000, 0x00000000a2500000, 0x00000000a2500000|100%|HS|  |TAMS 0x00000000a2500000, 0x00000000a2400000| Complete 
|   1|0x00000000a2500000, 0x00000000a2600000, 0x00000000a2600000|100%| O|  |TAMS 0x00000000a2600000, 0x00000000a2500000| Untracked 
|   2|0x00000000a2600000, 0x00000000a2700000, 0x00000000a2700000|100%| O|  |TAMS 0x00000000a2700000, 0x00000000a2600000| Untracked 
|   3|0x00000000a2700000, 0x00000000a2800000, 0x00000000a2800000|100%| O|  |TAMS 0x00000000a2800000, 0x00000000a2700000| Untracked 
|   4|0x00000000a2800000, 0x00000000a2900000, 0x00000000a2900000|100%| O|  |TAMS 0x00000000a2900000, 0x00000000a2800000| Untracked 
|   5|0x00000000a2900000, 0x00000000a2a00000, 0x00000000a2a00000|100%| O|  |TAMS 0x00000000a2a00000, 0x00000000a2900000| Untracked 
|   6|0x00000000a2a00000, 0x00000000a2b00000, 0x00000000a2b00000|100%| O|  |TAMS 0x00000000a2b00000, 0x00000000a2a00000| Untracked 
|   7|0x00000000a2b00000, 0x00000000a2c00000, 0x00000000a2c00000|100%| O|  |TAMS 0x00000000a2c00000, 0x00000000a2b00000| Untracked 
|   8|0x00000000a2c00000, 0x00000000a2d00000, 0x00000000a2d00000|100%| O|  |TAMS 0x00000000a2d00000, 0x00000000a2c00000| Untracked 
|   9|0x00000000a2d00000, 0x00000000a2e00000, 0x00000000a2e00000|100%| O|  |TAMS 0x00000000a2e00000, 0x00000000a2d00000| Untracked 
|  10|0x00000000a2e00000, 0x00000000a2f00000, 0x00000000a2f00000|100%| O|  |TAMS 0x00000000a2f00000, 0x00000000a2e00000| Untracked 
|  11|0x00000000a2f00000, 0x00000000a3000000, 0x00000000a3000000|100%| O|  |TAMS 0x00000000a3000000, 0x00000000a2f00000| Untracked 
|  12|0x00000000a3000000, 0x00000000a3100000, 0x00000000a3100000|100%| O|  |TAMS 0x00000000a3100000, 0x00000000a3000000| Untracked 
|  13|0x00000000a3100000, 0x00000000a3200000, 0x00000000a3200000|100%| O|  |TAMS 0x00000000a3200000, 0x00000000a3100000| Untracked 
|  14|0x00000000a3200000, 0x00000000a3300000, 0x00000000a3300000|100%| O|  |TAMS 0x00000000a3300000, 0x00000000a3200000| Untracked 
|  15|0x00000000a3300000, 0x00000000a3400000, 0x00000000a3400000|100%| O|  |TAMS 0x00000000a3400000, 0x00000000a3300000| Untracked 
|  16|0x00000000a3400000, 0x00000000a3500000, 0x00000000a3500000|100%| O|  |TAMS 0x00000000a3500000, 0x00000000a3400000| Untracked 
|  17|0x00000000a3500000, 0x00000000a3600000, 0x00000000a3600000|100%| O|  |TAMS 0x00000000a3600000, 0x00000000a3500000| Untracked 
|  18|0x00000000a3600000, 0x00000000a3700000, 0x00000000a3700000|100%| O|  |TAMS 0x00000000a36f2200, 0x00000000a3600000| Untracked 
|  19|0x00000000a3700000, 0x00000000a3800000, 0x00000000a3800000|100%| O|  |TAMS 0x00000000a3700000, 0x00000000a3700000| Untracked 
|  20|0x00000000a3800000, 0x00000000a3900000, 0x00000000a3900000|100%| O|  |TAMS 0x00000000a3800000, 0x00000000a3800000| Untracked 
|  21|0x00000000a3900000, 0x00000000a3a00000, 0x00000000a3a00000|100%| O|  |TAMS 0x00000000a3900000, 0x00000000a3900000| Untracked 
|  22|0x00000000a3a00000, 0x00000000a3b00000, 0x00000000a3b00000|100%| O|  |TAMS 0x00000000a3a00000, 0x00000000a3a00000| Untracked 
|  23|0x00000000a3b00000, 0x00000000a3c00000, 0x00000000a3c00000|100%| O|  |TAMS 0x00000000a3b00000, 0x00000000a3b00000| Untracked 
|  24|0x00000000a3c00000, 0x00000000a3d00000, 0x00000000a3d00000|100%| O|  |TAMS 0x00000000a3c00000, 0x00000000a3c00000| Untracked 
|  25|0x00000000a3d00000, 0x00000000a3e00000, 0x00000000a3e00000|100%| O|  |TAMS 0x00000000a3d00000, 0x00000000a3d00000| Untracked 
|  26|0x00000000a3e00000, 0x00000000a3e6ca00, 0x00000000a3f00000| 42%| O|  |TAMS 0x00000000a3e00000, 0x00000000a3e00000| Untracked 
|  27|0x00000000a3f00000, 0x00000000a3f00000, 0x00000000a4000000|  0%| F|  |TAMS 0x00000000a3f00000, 0x00000000a3f00000| Untracked 
|  28|0x00000000a4000000, 0x00000000a4000000, 0x00000000a4100000|  0%| F|  |TAMS 0x00000000a4000000, 0x00000000a4000000| Untracked 
|  29|0x00000000a4100000, 0x00000000a4100000, 0x00000000a4200000|  0%| F|  |TAMS 0x00000000a4100000, 0x00000000a4100000| Untracked 
|  30|0x00000000a4200000, 0x00000000a4200000, 0x00000000a4300000|  0%| F|  |TAMS 0x00000000a4200000, 0x00000000a4200000| Untracked 
|  31|0x00000000a4300000, 0x00000000a4300000, 0x00000000a4400000|  0%| F|  |TAMS 0x00000000a4300000, 0x00000000a4300000| Untracked 
|  32|0x00000000a4400000, 0x00000000a4400000, 0x00000000a4500000|  0%| F|  |TAMS 0x00000000a4400000, 0x00000000a4400000| Untracked 
|  33|0x00000000a4500000, 0x00000000a4500000, 0x00000000a4600000|  0%| F|  |TAMS 0x00000000a4500000, 0x00000000a4500000| Untracked 
|  34|0x00000000a4600000, 0x00000000a4600000, 0x00000000a4700000|  0%| F|  |TAMS 0x00000000a4600000, 0x00000000a4600000| Untracked 
|  35|0x00000000a4700000, 0x00000000a4700000, 0x00000000a4800000|  0%| F|  |TAMS 0x00000000a4700000, 0x00000000a4700000| Untracked 
|  36|0x00000000a4800000, 0x00000000a4800000, 0x00000000a4900000|  0%| F|  |TAMS 0x00000000a4800000, 0x00000000a4800000| Untracked 
|  37|0x00000000a4900000, 0x00000000a4900000, 0x00000000a4a00000|  0%| F|  |TAMS 0x00000000a4900000, 0x00000000a4900000| Untracked 
|  38|0x00000000a4a00000, 0x00000000a4a00000, 0x00000000a4b00000|  0%| F|  |TAMS 0x00000000a4a00000, 0x00000000a4a00000| Untracked 
|  39|0x00000000a4b00000, 0x00000000a4b00000, 0x00000000a4c00000|  0%| F|  |TAMS 0x00000000a4b00000, 0x00000000a4b00000| Untracked 
|  40|0x00000000a4c00000, 0x00000000a4c00000, 0x00000000a4d00000|  0%| F|  |TAMS 0x00000000a4c00000, 0x00000000a4c00000| Untracked 
|  41|0x00000000a4d00000, 0x00000000a4d00000, 0x00000000a4e00000|  0%| F|  |TAMS 0x00000000a4d00000, 0x00000000a4d00000| Untracked 
|  42|0x00000000a4e00000, 0x00000000a4e00000, 0x00000000a4f00000|  0%| F|  |TAMS 0x00000000a4e00000, 0x00000000a4e00000| Untracked 
|  43|0x00000000a4f00000, 0x00000000a4f00000, 0x00000000a5000000|  0%| F|  |TAMS 0x00000000a4f00000, 0x00000000a4f00000| Untracked 
|  44|0x00000000a5000000, 0x00000000a5000000, 0x00000000a5100000|  0%| F|  |TAMS 0x00000000a5000000, 0x00000000a5000000| Untracked 
|  45|0x00000000a5100000, 0x00000000a5100000, 0x00000000a5200000|  0%| F|  |TAMS 0x00000000a5100000, 0x00000000a5100000| Untracked 
|  46|0x00000000a5200000, 0x00000000a5200000, 0x00000000a5300000|  0%| F|  |TAMS 0x00000000a5200000, 0x00000000a5200000| Untracked 
|  47|0x00000000a5300000, 0x00000000a5300000, 0x00000000a5400000|  0%| F|  |TAMS 0x00000000a5300000, 0x00000000a5300000| Untracked 
|  48|0x00000000a5400000, 0x00000000a5437c30, 0x00000000a5500000| 21%| S|CS|TAMS 0x00000000a5400000, 0x00000000a5400000| Complete 
|  49|0x00000000a5500000, 0x00000000a5500000, 0x00000000a5600000|  0%| F|  |TAMS 0x00000000a5500000, 0x00000000a5500000| Untracked 
|  50|0x00000000a5600000, 0x00000000a5700000, 0x00000000a5700000|100%| S|CS|TAMS 0x00000000a5600000, 0x00000000a5600000| Complete 
|  51|0x00000000a5700000, 0x00000000a5800000, 0x00000000a5800000|100%| S|CS|TAMS 0x00000000a5700000, 0x00000000a5700000| Complete 
|  52|0x00000000a5800000, 0x00000000a5900000, 0x00000000a5900000|100%| S|CS|TAMS 0x00000000a5800000, 0x00000000a5800000| Complete 
|  53|0x00000000a5900000, 0x00000000a5a00000, 0x00000000a5a00000|100%| S|CS|TAMS 0x00000000a5900000, 0x00000000a5900000| Complete 
|  54|0x00000000a5a00000, 0x00000000a5b00000, 0x00000000a5b00000|100%| S|CS|TAMS 0x00000000a5a00000, 0x00000000a5a00000| Complete 
|  55|0x00000000a5b00000, 0x00000000a5b00000, 0x00000000a5c00000|  0%| F|  |TAMS 0x00000000a5b00000, 0x00000000a5b00000| Untracked 
|  56|0x00000000a5c00000, 0x00000000a5c00000, 0x00000000a5d00000|  0%| F|  |TAMS 0x00000000a5c00000, 0x00000000a5c00000| Untracked 
|  57|0x00000000a5d00000, 0x00000000a5d00000, 0x00000000a5e00000|  0%| F|  |TAMS 0x00000000a5d00000, 0x00000000a5d00000| Untracked 
|  58|0x00000000a5e00000, 0x00000000a5e00000, 0x00000000a5f00000|  0%| F|  |TAMS 0x00000000a5e00000, 0x00000000a5e00000| Untracked 
|  59|0x00000000a5f00000, 0x00000000a5f00000, 0x00000000a6000000|  0%| F|  |TAMS 0x00000000a5f00000, 0x00000000a5f00000| Untracked 
|  60|0x00000000a6000000, 0x00000000a6000000, 0x00000000a6100000|  0%| F|  |TAMS 0x00000000a6000000, 0x00000000a6000000| Untracked 
|  61|0x00000000a6100000, 0x00000000a6100000, 0x00000000a6200000|  0%| F|  |TAMS 0x00000000a6100000, 0x00000000a6100000| Untracked 
|  62|0x00000000a6200000, 0x00000000a6200000, 0x00000000a6300000|  0%| F|  |TAMS 0x00000000a6200000, 0x00000000a6200000| Untracked 
|  63|0x00000000a6300000, 0x00000000a6300000, 0x00000000a6400000|  0%| F|  |TAMS 0x00000000a6300000, 0x00000000a6300000| Untracked 
|  64|0x00000000a6400000, 0x00000000a6400000, 0x00000000a6500000|  0%| F|  |TAMS 0x00000000a6400000, 0x00000000a6400000| Untracked 
|  65|0x00000000a6500000, 0x00000000a6500000, 0x00000000a6600000|  0%| F|  |TAMS 0x00000000a6500000, 0x00000000a6500000| Untracked 
|  66|0x00000000a6600000, 0x00000000a6600000, 0x00000000a6700000|  0%| F|  |TAMS 0x00000000a6600000, 0x00000000a6600000| Untracked 
|  67|0x00000000a6700000, 0x00000000a6700000, 0x00000000a6800000|  0%| F|  |TAMS 0x00000000a6700000, 0x00000000a6700000| Untracked 
|  68|0x00000000a6800000, 0x00000000a6800000, 0x00000000a6900000|  0%| F|  |TAMS 0x00000000a6800000, 0x00000000a6800000| Untracked 
|  69|0x00000000a6900000, 0x00000000a6900000, 0x00000000a6a00000|  0%| F|  |TAMS 0x00000000a6900000, 0x00000000a6900000| Untracked 
|  70|0x00000000a6a00000, 0x00000000a6a00000, 0x00000000a6b00000|  0%| F|  |TAMS 0x00000000a6a00000, 0x00000000a6a00000| Untracked 
|  71|0x00000000a6b00000, 0x00000000a6b00000, 0x00000000a6c00000|  0%| F|  |TAMS 0x00000000a6b00000, 0x00000000a6b00000| Untracked 
|  72|0x00000000a6c00000, 0x00000000a6c00000, 0x00000000a6d00000|  0%| F|  |TAMS 0x00000000a6c00000, 0x00000000a6c00000| Untracked 
|  73|0x00000000a6d00000, 0x00000000a6d00000, 0x00000000a6e00000|  0%| F|  |TAMS 0x00000000a6d00000, 0x00000000a6d00000| Untracked 
|  74|0x00000000a6e00000, 0x00000000a6e00000, 0x00000000a6f00000|  0%| F|  |TAMS 0x00000000a6e00000, 0x00000000a6e00000| Untracked 
|  75|0x00000000a6f00000, 0x00000000a6f00000, 0x00000000a7000000|  0%| F|  |TAMS 0x00000000a6f00000, 0x00000000a6f00000| Untracked 
|  76|0x00000000a7000000, 0x00000000a7000000, 0x00000000a7100000|  0%| F|  |TAMS 0x00000000a7000000, 0x00000000a7000000| Untracked 
|  77|0x00000000a7100000, 0x00000000a7100000, 0x00000000a7200000|  0%| F|  |TAMS 0x00000000a7100000, 0x00000000a7100000| Untracked 
|  78|0x00000000a7200000, 0x00000000a7200000, 0x00000000a7300000|  0%| F|  |TAMS 0x00000000a7200000, 0x00000000a7200000| Untracked 
|  79|0x00000000a7300000, 0x00000000a7300000, 0x00000000a7400000|  0%| F|  |TAMS 0x00000000a7300000, 0x00000000a7300000| Untracked 
|  80|0x00000000a7400000, 0x00000000a7400000, 0x00000000a7500000|  0%| F|  |TAMS 0x00000000a7400000, 0x00000000a7400000| Untracked 
|  81|0x00000000a7500000, 0x00000000a7500000, 0x00000000a7600000|  0%| F|  |TAMS 0x00000000a7500000, 0x00000000a7500000| Untracked 
|  82|0x00000000a7600000, 0x00000000a7600000, 0x00000000a7700000|  0%| F|  |TAMS 0x00000000a7600000, 0x00000000a7600000| Untracked 
|  83|0x00000000a7700000, 0x00000000a7700000, 0x00000000a7800000|  0%| F|  |TAMS 0x00000000a7700000, 0x00000000a7700000| Untracked 
|  84|0x00000000a7800000, 0x00000000a7800000, 0x00000000a7900000|  0%| F|  |TAMS 0x00000000a7800000, 0x00000000a7800000| Untracked 
|  85|0x00000000a7900000, 0x00000000a7900000, 0x00000000a7a00000|  0%| F|  |TAMS 0x00000000a7900000, 0x00000000a7900000| Untracked 
|  86|0x00000000a7a00000, 0x00000000a7a00000, 0x00000000a7b00000|  0%| F|  |TAMS 0x00000000a7a00000, 0x00000000a7a00000| Untracked 
|  87|0x00000000a7b00000, 0x00000000a7b00000, 0x00000000a7c00000|  0%| F|  |TAMS 0x00000000a7b00000, 0x00000000a7b00000| Untracked 
|  88|0x00000000a7c00000, 0x00000000a7c00000, 0x00000000a7d00000|  0%| F|  |TAMS 0x00000000a7c00000, 0x00000000a7c00000| Untracked 
|  89|0x00000000a7d00000, 0x00000000a7d00000, 0x00000000a7e00000|  0%| F|  |TAMS 0x00000000a7d00000, 0x00000000a7d00000| Untracked 
|  90|0x00000000a7e00000, 0x00000000a7e00000, 0x00000000a7f00000|  0%| F|  |TAMS 0x00000000a7e00000, 0x00000000a7e00000| Untracked 
|  91|0x00000000a7f00000, 0x00000000a7f00000, 0x00000000a8000000|  0%| F|  |TAMS 0x00000000a7f00000, 0x00000000a7f00000| Untracked 
|  92|0x00000000a8000000, 0x00000000a8000000, 0x00000000a8100000|  0%| F|  |TAMS 0x00000000a8000000, 0x00000000a8000000| Untracked 
|  93|0x00000000a8100000, 0x00000000a8100000, 0x00000000a8200000|  0%| F|  |TAMS 0x00000000a8100000, 0x00000000a8100000| Untracked 
|  94|0x00000000a8200000, 0x00000000a8200000, 0x00000000a8300000|  0%| F|  |TAMS 0x00000000a8200000, 0x00000000a8200000| Untracked 
|  95|0x00000000a8300000, 0x00000000a8300000, 0x00000000a8400000|  0%| F|  |TAMS 0x00000000a8300000, 0x00000000a8300000| Untracked 
|  96|0x00000000a8400000, 0x00000000a8400000, 0x00000000a8500000|  0%| F|  |TAMS 0x00000000a8400000, 0x00000000a8400000| Untracked 
|  97|0x00000000a8500000, 0x00000000a8500000, 0x00000000a8600000|  0%| F|  |TAMS 0x00000000a8500000, 0x00000000a8500000| Untracked 
|  98|0x00000000a8600000, 0x00000000a8600000, 0x00000000a8700000|  0%| F|  |TAMS 0x00000000a8600000, 0x00000000a8600000| Untracked 
|  99|0x00000000a8700000, 0x00000000a8700000, 0x00000000a8800000|  0%| F|  |TAMS 0x00000000a8700000, 0x00000000a8700000| Untracked 
| 100|0x00000000a8800000, 0x00000000a8800000, 0x00000000a8900000|  0%| F|  |TAMS 0x00000000a8800000, 0x00000000a8800000| Untracked 
| 101|0x00000000a8900000, 0x00000000a8900000, 0x00000000a8a00000|  0%| F|  |TAMS 0x00000000a8900000, 0x00000000a8900000| Untracked 
| 102|0x00000000a8a00000, 0x00000000a8acdff8, 0x00000000a8b00000| 80%| E|  |TAMS 0x00000000a8a00000, 0x00000000a8a00000| Complete 
| 103|0x00000000a8b00000, 0x00000000a8c00000, 0x00000000a8c00000|100%| E|CS|TAMS 0x00000000a8b00000, 0x00000000a8b00000| Complete 
| 104|0x00000000a8c00000, 0x00000000a8d00000, 0x00000000a8d00000|100%| E|CS|TAMS 0x00000000a8c00000, 0x00000000a8c00000| Complete 
| 105|0x00000000a8d00000, 0x00000000a8e00000, 0x00000000a8e00000|100%| E|CS|TAMS 0x00000000a8d00000, 0x00000000a8d00000| Complete 
| 106|0x00000000a8e00000, 0x00000000a8f00000, 0x00000000a8f00000|100%| E|CS|TAMS 0x00000000a8e00000, 0x00000000a8e00000| Complete 
| 107|0x00000000a8f00000, 0x00000000a9000000, 0x00000000a9000000|100%| E|CS|TAMS 0x00000000a8f00000, 0x00000000a8f00000| Complete 
| 108|0x00000000a9000000, 0x00000000a9100000, 0x00000000a9100000|100%| E|CS|TAMS 0x00000000a9000000, 0x00000000a9000000| Complete 
| 109|0x00000000a9100000, 0x00000000a9200000, 0x00000000a9200000|100%| E|CS|TAMS 0x00000000a9100000, 0x00000000a9100000| Complete 
| 110|0x00000000a9200000, 0x00000000a9300000, 0x00000000a9300000|100%| E|CS|TAMS 0x00000000a9200000, 0x00000000a9200000| Complete 
| 111|0x00000000a9300000, 0x00000000a9400000, 0x00000000a9400000|100%| E|CS|TAMS 0x00000000a9300000, 0x00000000a9300000| Complete 
| 112|0x00000000a9400000, 0x00000000a9500000, 0x00000000a9500000|100%| E|CS|TAMS 0x00000000a9400000, 0x00000000a9400000| Complete 

Card table byte_map: [0x0000021263e90000,0x0000021264180000] _byte_map_base: 0x000002126397e000

Marking Bits (Prev, Next): (CMBitMap*) 0x000002124cc656f0, (CMBitMap*) 0x000002124cc656b8
 Prev Bits: [0x0000021265be0000, 0x0000021267350000)
 Next Bits: [0x0000021264470000, 0x0000021265be0000)

Polling page: 0x000002124c3f0000

Metaspace:

Usage:
  Non-class:     61.53 MB capacity,    60.47 MB ( 98%) used,   862.62 KB (  1%) free+waste,   220.25 KB ( <1%) overhead. 
      Class:      9.45 MB capacity,     8.76 MB ( 93%) used,   594.66 KB (  6%) free+waste,   104.88 KB (  1%) overhead. 
       Both:     70.98 MB capacity,    69.24 MB ( 98%) used,     1.42 MB (  2%) free+waste,   325.12 KB ( <1%) overhead. 

Virtual space:
  Non-class space:       62.00 MB reserved,      61.62 MB (>99%) committed 
      Class space:        1.00 GB reserved,       9.50 MB ( <1%) committed 
             Both:        1.06 GB reserved,      71.12 MB (  7%) committed 

Chunk freelists:
   Non-Class:  3.50 KB
       Class:  0 bytes
        Both:  3.50 KB

CodeHeap 'non-profiled nmethods': size=119168Kb used=4158Kb max_used=4158Kb free=115009Kb
 bounds [0x000002125beb0000, 0x000002125c2c0000, 0x0000021263310000]
CodeHeap 'profiled nmethods': size=119168Kb used=16981Kb max_used=16981Kb free=102186Kb
 bounds [0x0000021254a50000, 0x0000021255af0000, 0x000002125beb0000]
CodeHeap 'non-nmethods': size=7424Kb used=1235Kb max_used=2981Kb free=6188Kb
 bounds [0x0000021254310000, 0x0000021254600000, 0x0000021254a50000]
 total_blobs=7993 nmethods=7385 adapters=518
 compilation: enabled
              stopped_count=0, restarted_count=0
 full_count=0

Compilation events (10 events):
Event: 51.195 Thread 0x000002126ac97000 nmethod 7491 0x0000021255addb10 code [0x0000021255addca0, 0x0000021255addd98]
Event: 51.241 Thread 0x000002126ac97000 7495       3       java.util.concurrent.locks.ReentrantReadWriteLock$Sync::exclusiveCount (5 bytes)
Event: 51.241 Thread 0x000002126ac97000 nmethod 7495 0x0000021255adde10 code [0x0000021255addfa0, 0x0000021255ade078]
Event: 51.241 Thread 0x000002126ac97000 7494       1       java.util.concurrent.locks.ReentrantReadWriteLock::readLock (5 bytes)
Event: 51.242 Thread 0x000002126ac97000 nmethod 7494 0x000002125c2bf010 code [0x000002125c2bf1a0, 0x000002125c2bf258]
Event: 51.242 Thread 0x000002126ac97000 7496       1       org.apache.tomcat.util.http.MimeHeaderField::getName (5 bytes)
Event: 51.242 Thread 0x000002126ac97000 nmethod 7496 0x000002125c2bf310 code [0x000002125c2bf4a0, 0x000002125c2bf558]
Event: 51.261 Thread 0x000002126ac97000 7499       1       java.util.Collections$EmptyList::hashCode (2 bytes)
Event: 51.261 Thread 0x000002126ac97000 nmethod 7499 0x000002125c2bf610 code [0x000002125c2bf7a0, 0x000002125c2bf858]
Event: 51.263 Thread 0x0000021272d80800 7492       4       java.lang.invoke.MethodType::makeImpl (108 bytes)

GC Heap History (10 events):
Event: 5.110 GC heap before
{Heap before GC invocations=10 (full 0):
 garbage-first heap   total 115712K, used 83663K [0x00000000a2400000, 0x0000000100000000)
  region size 1024K, 67 young (68608K), 8 survivors (8192K)
 Metaspace       used 55729K, capacity 56970K, committed 57136K, reserved 1099776K
  class space    used 6979K, capacity 7457K, committed 7552K, reserved 1048576K
}
Event: 5.116 GC heap after
{Heap after GC invocations=11 (full 0):
 garbage-first heap   total 115712K, used 24520K [0x00000000a2400000, 0x0000000100000000)
  region size 1024K, 5 young (5120K), 5 survivors (5120K)
 Metaspace       used 55729K, capacity 56970K, committed 57136K, reserved 1099776K
  class space    used 6979K, capacity 7457K, committed 7552K, reserved 1048576K
}
Event: 5.410 GC heap before
{Heap before GC invocations=11 (full 0):
 garbage-first heap   total 115712K, used 48072K [0x00000000a2400000, 0x0000000100000000)
  region size 1024K, 29 young (29696K), 5 survivors (5120K)
 Metaspace       used 58621K, capacity 59846K, committed 60028K, reserved 1101824K
  class space    used 7325K, capacity 7820K, committed 7936K, reserved 1048576K
}
Event: 5.415 GC heap after
{Heap after GC invocations=12 (full 0):
 garbage-first heap   total 115712K, used 25411K [0x00000000a2400000, 0x0000000100000000)
  region size 1024K, 6 young (6144K), 6 survivors (6144K)
 Metaspace       used 58621K, capacity 59846K, committed 60028K, reserved 1101824K
  class space    used 7325K, capacity 7820K, committed 7936K, reserved 1048576K
}
Event: 5.783 GC heap before
{Heap before GC invocations=13 (full 0):
 garbage-first heap   total 115712K, used 78659K [0x00000000a2400000, 0x0000000100000000)
  region size 1024K, 58 young (59392K), 6 survivors (6144K)
 Metaspace       used 61536K, capacity 63108K, committed 63356K, reserved 1103872K
  class space    used 7755K, capacity 8388K, committed 8448K, reserved 1048576K
}
Event: 5.789 GC heap after
{Heap after GC invocations=14 (full 0):
 garbage-first heap   total 115712K, used 27565K [0x00000000a2400000, 0x0000000100000000)
  region size 1024K, 5 young (5120K), 5 survivors (5120K)
 Metaspace       used 61536K, capacity 63108K, committed 63356K, reserved 1103872K
  class space    used 7755K, capacity 8388K, committed 8448K, reserved 1048576K
}
Event: 6.320 GC heap before
{Heap before GC invocations=14 (full 0):
 garbage-first heap   total 115712K, used 80813K [0x00000000a2400000, 0x0000000100000000)
  region size 1024K, 57 young (58368K), 5 survivors (5120K)
 Metaspace       used 65689K, capacity 67346K, committed 67580K, reserved 1107968K
  class space    used 8293K, capacity 8962K, committed 9088K, reserved 1048576K
}
Event: 6.326 GC heap after
{Heap after GC invocations=15 (full 0):
 garbage-first heap   total 115712K, used 30549K [0x00000000a2400000, 0x0000000100000000)
  region size 1024K, 7 young (7168K), 7 survivors (7168K)
 Metaspace       used 65689K, capacity 67346K, committed 67580K, reserved 1107968K
  class space    used 8293K, capacity 8962K, committed 9088K, reserved 1048576K
}
Event: 34.360 GC heap before
{Heap before GC invocations=15 (full 0):
 garbage-first heap   total 115712K, used 83797K [0x00000000a2400000, 0x0000000100000000)
  region size 1024K, 59 young (60416K), 7 survivors (7168K)
 Metaspace       used 69736K, capacity 71443K, committed 71676K, reserved 1112064K
  class space    used 8834K, capacity 9516K, committed 9600K, reserved 1048576K
}
Event: 34.434 GC heap after
{Heap after GC invocations=16 (full 0):
 garbage-first heap   total 115712K, used 32401K [0x00000000a2400000, 0x0000000100000000)
  region size 1024K, 6 young (6144K), 6 survivors (6144K)
 Metaspace       used 69736K, capacity 71443K, committed 71676K, reserved 1112064K
  class space    used 8834K, capacity 9516K, committed 9600K, reserved 1048576K
}

Deoptimization events (10 events):
Event: 6.881 Thread 0x000002126bbc8000 Uncommon trap: reason=class_check action=maybe_recompile pc=0x000002125c1c4ae8 method=org.springframework.util.ConcurrentReferenceHashMap$ReferenceManager.pollForPurge()Lorg/springframework/util/ConcurrentReferenceHashMap$Reference; @ 7 c2
Event: 6.887 Thread 0x000002126bbc8000 Uncommon trap: reason=unstable_if action=reinterpret pc=0x000002125bfdb3f8 method=java.lang.String.getChars(II[CI)V @ 23 c2
Event: 6.887 Thread 0x000002126bbc8000 Uncommon trap: reason=unstable_if action=reinterpret pc=0x000002125bec511c method=java.lang.String.indexOf(II)I @ 4 c2
Event: 6.887 Thread 0x000002126bbc8000 Uncommon trap: reason=unstable_if action=reinterpret pc=0x000002125becb040 method=java.lang.String.indexOf(II)I @ 4 c2
Event: 50.750 Thread 0x000002126df2e000 Uncommon trap: reason=speculate_null_assert action=make_not_entrant pc=0x000002125c0cb0d8 method=java.lang.invoke.MethodType$ConcurrentWeakInternSet.add(Ljava/lang/Object;)Ljava/lang/Object; @ 47 c2
Event: 50.829 Thread 0x000002126df2d000 Uncommon trap: reason=unstable_if action=reinterpret pc=0x000002125c28f184 method=java.util.concurrent.ConcurrentHashMap.putVal(Ljava/lang/Object;Ljava/lang/Object;Z)Ljava/lang/Object; @ 97 c2
Event: 51.284 Thread 0x000002126df2d000 Uncommon trap: reason=unstable_if action=reinterpret pc=0x000002125c23f920 method=java.lang.reflect.Executable.declaredAnnotations()Ljava/util/Map; @ 19 c2
Event: 51.284 Thread 0x000002126df2e000 Uncommon trap: reason=unstable_if action=reinterpret pc=0x000002125c23f920 method=java.lang.reflect.Executable.declaredAnnotations()Ljava/util/Map; @ 19 c2
Event: 51.322 Thread 0x000002126b7eb800 Uncommon trap: reason=unstable_if action=reinterpret pc=0x000002125c2b4fe4 method=java.util.concurrent.locks.ReentrantLock$Sync.nonfairTryAcquire(I)Z @ 19 c2
Event: 51.326 Thread 0x000002126b7eb800 Uncommon trap: reason=unstable_if action=reinterpret pc=0x000002125c085904 method=java.util.concurrent.locks.ReentrantLock$Sync.nonfairTryAcquire(I)Z @ 10 c2

Classes redefined (0 events):
No events

Internal exceptions (10 events):
Event: 6.807 Thread 0x000002126bbc8000 Exception <a 'java/lang/ClassNotFoundException'{0x00000000a713b320}: StoreApp/StoreApp/entity/CartBeanInfo> (0x00000000a713b320) thrown at [./open/src/hotspot/share/classfile/systemDictionary.cpp, line 226]
Event: 6.807 Thread 0x000002126bbc8000 Exception <a 'java/lang/ClassNotFoundException'{0x00000000a714da80}: StoreApp/StoreApp/entity/CartCustomizer> (0x00000000a714da80) thrown at [./open/src/hotspot/share/classfile/systemDictionary.cpp, line 226]
Event: 6.808 Thread 0x000002126bbc8000 Exception <a 'java/lang/ClassNotFoundException'{0x00000000a7169fd8}: StoreApp/StoreApp/entity/ProductBeanInfo> (0x00000000a7169fd8) thrown at [./open/src/hotspot/share/classfile/systemDictionary.cpp, line 226]
Event: 6.808 Thread 0x000002126bbc8000 Exception <a 'java/lang/ClassNotFoundException'{0x00000000a717cf48}: StoreApp/StoreApp/entity/ProductCustomizer> (0x00000000a717cf48) thrown at [./open/src/hotspot/share/classfile/systemDictionary.cpp, line 226]
Event: 6.810 Thread 0x000002126bbc8000 Exception <a 'java/lang/ClassNotFoundException'{0x00000000a71cb310}: StoreApp/StoreApp/entity/CategoryBeanInfo> (0x00000000a71cb310) thrown at [./open/src/hotspot/share/classfile/systemDictionary.cpp, line 226]
Event: 6.810 Thread 0x000002126bbc8000 Exception <a 'java/lang/ClassNotFoundException'{0x00000000a71de9f0}: StoreApp/StoreApp/entity/CategoryCustomizer> (0x00000000a71de9f0) thrown at [./open/src/hotspot/share/classfile/systemDictionary.cpp, line 226]
Event: 6.813 Thread 0x000002126bbc8000 Exception <a 'java/lang/ClassNotFoundException'{0x00000000a7029288}: StoreApp/StoreApp/entity/Order_ItemBeanInfo> (0x00000000a7029288) thrown at [./open/src/hotspot/share/classfile/systemDictionary.cpp, line 226]
Event: 6.813 Thread 0x000002126bbc8000 Exception <a 'java/lang/ClassNotFoundException'{0x00000000a703cb50}: StoreApp/StoreApp/entity/Order_ItemCustomizer> (0x00000000a703cb50) thrown at [./open/src/hotspot/share/classfile/systemDictionary.cpp, line 226]
Event: 6.814 Thread 0x000002126bbc8000 Exception <a 'java/lang/ClassNotFoundException'{0x00000000a705c668}: StoreApp/StoreApp/entity/ProductImageBeanInfo> (0x00000000a705c668) thrown at [./open/src/hotspot/share/classfile/systemDictionary.cpp, line 226]
Event: 6.814 Thread 0x000002126bbc8000 Exception <a 'java/lang/ClassNotFoundException'{0x00000000a7070570}: StoreApp/StoreApp/entity/ProductImageCustomizer> (0x00000000a7070570) thrown at [./open/src/hotspot/share/classfile/systemDictionary.cpp, line 226]

Events (10 events):
Event: 51.320 loading class org/springframework/util/ReflectionUtils$MethodFilter
Event: 51.320 loading class org/springframework/util/ReflectionUtils$MethodFilter done
Event: 51.320 loading class org/springframework/util/ReflectionUtils$MethodFilter
Event: 51.320 loading class org/springframework/util/ReflectionUtils$MethodFilter done
Event: 51.322 Thread 0x000002126b7eb800 Uncommon trap: trap_request=0xffffff4d fr.pc=0x000002125c2b4fe4 relative=0x0000000000000164
Event: 51.322 Thread 0x000002126b7eb800 DEOPT PACKING pc=0x000002125c2b4fe4 sp=0x000000da329fd630
Event: 51.322 Thread 0x000002126b7eb800 DEOPT UNPACKING pc=0x00000212543365af sp=0x000000da329fd560 mode 2
Event: 51.323 loading class org/springframework/web/bind/annotation/InitBinder
Event: 51.323 loading class org/springframework/web/bind/annotation/InitBinder done
Event: 51.326 Thread 0x000002126b7eb800 Uncommon trap: trap_request=0xffffff4d fr.pc=0x000002125c085904 relative=0x0000000000004d64


Dynamic libraries:
0x00007ff7472c0000 - 0x00007ff7472d0000 	C:\Program Files\Java\jdk-11\bin\javaw.exe
0x00007ffd69d70000 - 0x00007ffd69f84000 	C:\Windows\SYSTEM32\ntdll.dll
0x00007ffd692d0000 - 0x00007ffd69392000 	C:\Windows\System32\KERNEL32.DLL
0x00007ffd67320000 - 0x00007ffd676bc000 	C:\Windows\System32\KERNELBASE.dll
0x00007ffd676c0000 - 0x00007ffd677d1000 	C:\Windows\System32\ucrtbase.dll
0x00007ffd3ec90000 - 0x00007ffd3ecab000 	C:\Program Files\Java\jdk-11\bin\VCRUNTIME140.dll
0x00007ffd3ec70000 - 0x00007ffd3ec89000 	C:\Program Files\Java\jdk-11\bin\jli.dll
0x00007ffd68370000 - 0x00007ffd6841e000 	C:\Windows\System32\ADVAPI32.dll
0x00007ffd69790000 - 0x00007ffd69837000 	C:\Windows\System32\msvcrt.dll
0x00007ffd696e0000 - 0x00007ffd69784000 	C:\Windows\System32\sechost.dll
0x00007ffd69bf0000 - 0x00007ffd69d05000 	C:\Windows\System32\RPCRT4.dll
0x00007ffd688b0000 - 0x00007ffd68a5b000 	C:\Windows\System32\USER32.dll
0x00007ffd677e0000 - 0x00007ffd67806000 	C:\Windows\System32\win32u.dll
0x00007ffd56480000 - 0x00007ffd5670e000 	C:\Windows\WinSxS\amd64_microsoft.windows.common-controls_6595b64144ccf1df_6.0.22621.317_none_a9434687c10c9fa2\COMCTL32.dll
0x00007ffd696a0000 - 0x00007ffd696c9000 	C:\Windows\System32\GDI32.dll
0x00007ffd679c0000 - 0x00007ffd67ad2000 	C:\Windows\System32\gdi32full.dll
0x00007ffd67ae0000 - 0x00007ffd67b7a000 	C:\Windows\System32\msvcp_win.dll
0x00007ffd5d9c0000 - 0x00007ffd5d9ca000 	C:\Windows\SYSTEM32\VERSION.dll
0x00007ffd69500000 - 0x00007ffd69531000 	C:\Windows\System32\IMM32.DLL
0x00007ffd50ca0000 - 0x00007ffd50cac000 	C:\Program Files\Java\jdk-11\bin\vcruntime140_1.dll
0x00007ffd0add0000 - 0x00007ffd0ae5e000 	C:\Program Files\Java\jdk-11\bin\msvcp140.dll
0x00007ffce90b0000 - 0x00007ffce9c12000 	C:\Program Files\Java\jdk-11\bin\server\jvm.dll
0x00007ffd696d0000 - 0x00007ffd696d8000 	C:\Windows\System32\PSAPI.DLL
0x00007ffd4ff20000 - 0x00007ffd4ff29000 	C:\Windows\SYSTEM32\WSOCK32.dll
0x00007ffd5fa00000 - 0x00007ffd5fa34000 	C:\Windows\SYSTEM32\WINMM.dll
0x00007ffd693a0000 - 0x00007ffd69411000 	C:\Windows\System32\WS2_32.dll
0x00007ffd662e0000 - 0x00007ffd662f8000 	C:\Windows\SYSTEM32\kernel.appcore.dll
0x00007ffd4a040000 - 0x00007ffd4a050000 	C:\Program Files\Java\jdk-11\bin\verify.dll
0x00007ffd58ac0000 - 0x00007ffd58cee000 	C:\Windows\SYSTEM32\DBGHELP.DLL
0x00007ffd68f20000 - 0x00007ffd692a9000 	C:\Windows\System32\combase.dll
0x00007ffd69420000 - 0x00007ffd694f7000 	C:\Windows\System32\OLEAUT32.dll
0x00007ffd4ea50000 - 0x00007ffd4ea82000 	C:\Windows\SYSTEM32\dbgcore.DLL
0x00007ffd67810000 - 0x00007ffd6788b000 	C:\Windows\System32\bcryptPrimitives.dll
0x00007ffd3eb80000 - 0x00007ffd3eba8000 	C:\Program Files\Java\jdk-11\bin\java.dll
0x00007ffd43ab0000 - 0x00007ffd43aba000 	C:\Program Files\Java\jdk-11\bin\jimage.dll
0x00007ffd3e7e0000 - 0x00007ffd3e7f7000 	C:\Program Files\Java\jdk-11\bin\zip.dll
0x00007ffd67b80000 - 0x00007ffd6835b000 	C:\Windows\System32\SHELL32.dll
0x00007ffd651d0000 - 0x00007ffd65a85000 	C:\Windows\SYSTEM32\windows.storage.dll
0x00007ffd65090000 - 0x00007ffd651cd000 	C:\Windows\SYSTEM32\wintypes.dll
0x00007ffd68e10000 - 0x00007ffd68f01000 	C:\Windows\System32\SHCORE.dll
0x00007ffd69640000 - 0x00007ffd6969e000 	C:\Windows\System32\shlwapi.dll
0x00007ffd670e0000 - 0x00007ffd67101000 	C:\Windows\SYSTEM32\profapi.dll
0x00007ffd24630000 - 0x00007ffd24649000 	C:\Program Files\Java\jdk-11\bin\net.dll
0x00007ffd60a70000 - 0x00007ffd60b9f000 	C:\Windows\SYSTEM32\WINHTTP.dll
0x00007ffd66740000 - 0x00007ffd667a9000 	C:\Windows\system32\mswsock.dll
0x00007ffd22840000 - 0x00007ffd22852000 	C:\Program Files\Java\jdk-11\bin\nio.dll
0x00007ffd432f0000 - 0x00007ffd432f9000 	C:\Program Files\Java\jdk-11\bin\management.dll
0x00007ffd432b0000 - 0x00007ffd432bb000 	C:\Program Files\Java\jdk-11\bin\management_ext.dll
0x00007ffd41c30000 - 0x00007ffd41c47000 	C:\Windows\system32\napinsp.dll
0x00007ffd41c10000 - 0x00007ffd41c2b000 	C:\Windows\system32\pnrpnsp.dll
0x00007ffd65dc0000 - 0x00007ffd65eb2000 	C:\Windows\SYSTEM32\DNSAPI.dll
0x00007ffd65d50000 - 0x00007ffd65d7d000 	C:\Windows\SYSTEM32\IPHLPAPI.DLL
0x00007ffd68360000 - 0x00007ffd68369000 	C:\Windows\System32\NSI.dll
0x00007ffd41bf0000 - 0x00007ffd41c01000 	C:\Windows\System32\winrnr.dll
0x00007ffd60080000 - 0x00007ffd60095000 	C:\Windows\system32\wshbth.dll
0x00007ffd41bc0000 - 0x00007ffd41be1000 	C:\Windows\system32\nlansp_c.dll
0x00007ffd5ef80000 - 0x00007ffd5ef8a000 	C:\Windows\System32\rasadhlp.dll
0x00007ffd600c0000 - 0x00007ffd60143000 	C:\Windows\System32\fwpuclnt.dll
0x00007ffd66950000 - 0x00007ffd6696b000 	C:\Windows\SYSTEM32\CRYPTSP.dll
0x00007ffd66250000 - 0x00007ffd66285000 	C:\Windows\system32\rsaenh.dll
0x00007ffd66800000 - 0x00007ffd66828000 	C:\Windows\SYSTEM32\USERENV.dll
0x00007ffd66b60000 - 0x00007ffd66b88000 	C:\Windows\SYSTEM32\bcrypt.dll
0x00007ffd66970000 - 0x00007ffd6697c000 	C:\Windows\SYSTEM32\CRYPTBASE.dll
0x00007ffd607b0000 - 0x00007ffd607c9000 	C:\Windows\SYSTEM32\dhcpcsvc6.DLL
0x00007ffd60790000 - 0x00007ffd607af000 	C:\Windows\SYSTEM32\dhcpcsvc.DLL
0x00007ffd1d860000 - 0x00007ffd1d887000 	C:\Program Files\Java\jdk-11\bin\sunec.dll
0x00007ffd3ec60000 - 0x00007ffd3ec6e000 	C:\Program Files\Java\jdk-11\bin\sunmscapi.dll
0x00007ffd671b0000 - 0x00007ffd67316000 	C:\Windows\System32\CRYPT32.dll
0x00007ffd66b30000 - 0x00007ffd66b5d000 	C:\Windows\SYSTEM32\ncrypt.dll
0x00007ffd66af0000 - 0x00007ffd66b27000 	C:\Windows\SYSTEM32\NTASN1.dll

dbghelp: loaded successfully - version: 4.0.5 - missing functions: none
symbol engine: initialized successfully - sym options: 0x614 - pdb path: .;C:\Program Files\Java\jdk-11\bin;C:\Windows\SYSTEM32;C:\Windows\WinSxS\amd64_microsoft.windows.common-controls_6595b64144ccf1df_6.0.22621.317_none_a9434687c10c9fa2;C:\Program Files\Java\jdk-11\bin\server

VM Arguments:
jvm_args: -Dfile.encoding=UTF-8 -Dstdout.encoding=UTF-8 -Dstderr.encoding=UTF-8 
java_command: StoreApp.StoreApp.StoreAppApplication
java_class_path (initial): D:\HocPhanDH\24-25\HKII\LT_Mobile\FinalApp\StoreApp\target\classes;C:\Users\Admin\.m2\repository\org\springframework\boot\spring-boot-starter-data-jpa\2.7.7-SNAPSHOT\spring-boot-starter-data-jpa-2.7.7-SNAPSHOT.jar;C:\Users\Admin\.m2\repository\org\springframework\boot\spring-boot-starter-aop\2.7.7-SNAPSHOT\spring-boot-starter-aop-2.7.7-SNAPSHOT.jar;C:\Users\Admin\.m2\repository\org\springframework\spring-aop\5.3.24\spring-aop-5.3.24.jar;C:\Users\Admin\.m2\repository\org\aspectj\aspectjweaver\1.9.7\aspectjweaver-1.9.7.jar;C:\Users\Admin\.m2\repository\org\springframework\boot\spring-boot-starter-jdbc\2.7.7-SNAPSHOT\spring-boot-starter-jdbc-2.7.7-SNAPSHOT.jar;C:\Users\Admin\.m2\repository\com\zaxxer\HikariCP\4.0.3\HikariCP-4.0.3.jar;C:\Users\Admin\.m2\repository\org\springframework\spring-jdbc\5.3.24\spring-jdbc-5.3.24.jar;C:\Users\Admin\.m2\repository\jakarta\transaction\jakarta.transaction-api\1.3.3\jakarta.transaction-api-1.3.3.jar;C:\Users\Admin\.m2\repository\jakarta\persistence\jakarta.persistence-api\2.2.3\jakarta.persistence-api-2.2.3.jar;C:\Users\Admin\.m2\repository\org\springframework\data\spring-data-jpa\2.7.6\spring-data-jpa-2.7.6.jar;C:\Users\Admin\.m2\repository\org\springframework\data\spring-data-commons\2.7.6\spring-data-commons-2.7.6.jar;C:\Users\Admin\.m2\repository\org\springframework\spring-orm\5.3.24\spring-orm-5.3.24.jar;C:\Users\Admin\.m2\repository\org\springframework\spring-context\5.3.24\spring-context-5.3.24.jar;C:\Users\Admin\.m2\repository\org\springframework\spring-tx\5.3.24\spring-tx-5.3.24.jar;C:\Users\Admin\.m2\repository\org\springframework\spring-beans\5.3.24\spring-beans-5.3.24.jar;C:\Users\Admin\.m2\repository\org\springframework\spring-aspects\5.3.24\spring-aspects-5.3.24.jar;C:\Users\Admin\.m2\repository\org\springframework\boot\spring-boot-starter-thymeleaf\2.7.7-SNAPSHOT\spring-boot-starter-thymeleaf-2.7.7-SNAPSHOT.jar;C:\Users\Admin\.m2\repository\org\springframework\boot\spring-boot-starter\2.7.
Launcher Type: SUN_STANDARD

[Global flags]
     intx CICompilerCount                          = 12                                        {product} {ergonomic}
     uint ConcGCThreads                            = 3                                         {product} {ergonomic}
     uint G1ConcRefinementThreads                  = 13                                        {product} {ergonomic}
   size_t G1HeapRegionSize                         = 1048576                                   {product} {ergonomic}
    uintx GCDrainStackTargetSize                   = 64                                        {product} {ergonomic}
   size_t InitialHeapSize                          = 98566144                                  {product} {ergonomic}
   size_t MarkStackSize                            = 4194304                                   {product} {ergonomic}
   size_t MaxHeapSize                              = 1572864000                                {product} {ergonomic}
   size_t MaxNewSize                               = 943718400                                 {product} {ergonomic}
   size_t MinHeapDeltaBytes                        = 1048576                                   {product} {ergonomic}
    uintx NonNMethodCodeHeapSize                   = 7594288                                {pd product} {ergonomic}
    uintx NonProfiledCodeHeapSize                  = 122031976                              {pd product} {ergonomic}
    uintx ProfiledCodeHeapSize                     = 122031976                              {pd product} {ergonomic}
    uintx ReservedCodeCacheSize                    = 251658240                              {pd product} {ergonomic}
     bool SegmentedCodeCache                       = true                                      {product} {ergonomic}
     bool UseCompressedClassPointers               = true                                 {lp64_product} {ergonomic}
     bool UseCompressedOops                        = true                                 {lp64_product} {ergonomic}
     bool UseG1GC                                  = true                                      {product} {ergonomic}
     bool UseLargePagesIndividualAllocation        = false                                  {pd product} {ergonomic}

Logging:
Log output configuration:
 #0: stdout all=warning uptime,level,tags
 #1: stderr all=off uptime,level,tags

Environment Variables:
JAVA_HOME=C:\Program Files\Java\jdk-11
PATH=C:/Users/Admin/Downloads/eclipse//plugins/org.eclipse.justj.openjdk.hotspot.jre.full.win32.x86_64_21.0.5.v20241023-1957/jre/bin/server;C:/Users/Admin/Downloads/eclipse//plugins/org.eclipse.justj.openjdk.hotspot.jre.full.win32.x86_64_21.0.5.v20241023-1957/jre/bin;C:\Ruby34-x64\bin;C:\Program Files (x86)\VMware\VMware Workstation\bin\;C:\Program Files\Common Files\Oracle\Java\javapath;C:\Windows\system32;C:\Windows;C:\Windows\System32\Wbem;C:\Windows\System32\WindowsPowerShell\v1.0\;C:\Windows\System32\OpenSSH\;C:\Program Files\NVIDIA Corporation\NVIDIA NvDLISR;C:\Program Files\Cloudflare\Cloudflare WARP\;C:\Program Files\Microsoft SQL Server\150\Tools\Binn\;C:\Program Files\Microsoft SQL Server\Client SDK\ODBC\170\Tools\Binn\;C:\Program Files\dotnet\;C:\Program Files (x86)\Microsoft SQL Server\150\Tools\Binn\;C:\Program Files\Microsoft SQL Server\150\DTS\Binn\;C:\Program Files (x86)\Microsoft SQL Server\160\DTS\Binn\;C:\Program Files (x86)\Microsoft SQL Server\160\Tools\Binn\;C:\Program Files\Microsoft SQL Server\160\Tools\Binn\;C:\Program Files\Microsoft SQL Server\160\DTS\Binn\;C:\Program Files\Java\jdk-11\bin;C:\Program Files\Git\cmd;C:\Program Files\TortoiseGit\bin;C:\Program Files\MySQL\MySQL Server 8.0\bin;C:\Users\Admin\Downloads\apache-tomcat-10.1.28\bin;C:\Program Files\Docker\Docker\resources\bin;C:\Program Files\nodejs\;C:\Program Files\VisualSVN Server\bin;C:\Program Files\TortoiseSVN\bin;C:\msys64\usr\bin;C:\msys64\mingw64\bin;C:\Users\Admin\AppData\Local\Programs\Python\Python313\Scripts\;C:\Users\Admin\AppData\Local\Programs\Python\Python313\;C:\Users\Admin\AppData\Local\Programs\Python\Launcher\;C:\Program Files\MySQL\MySQL Shell 8.0\bin\;C:\Users\Admin\AppData\Local\Microsoft\WindowsApps;C:\Users\Admin\.dotnet\tools;C:\Users\Admin\AppData\Local\Programs\Microsoft VS Code\bin;C:\Program Files (x86)\Nmap;C:\Users\Admin\AppData\Roaming\npm;C:\Users\Admin\Downloads\eclipse;
USERNAME=Admin
OS=Windows_NT
PROCESSOR_IDENTIFIER=AMD64 Family 25 Model 80 Stepping 0, AuthenticAMD



---------------  S Y S T E M  ---------------

OS: Windows 11 , 64 bit Build 22621 (10.0.22621.457)
Hyper-V role detected

CPU:total 16 (initial active 16) (16 cores per cpu, 2 threads per core) family 25 model 80 stepping 0 microcode 0x0, cmov, cx8, fxsr, mmx, sse, sse2, sse3, ssse3, sse4.1, sse4.2, popcnt, avx, avx2, aes, clmul, erms, mmxext, 3dnowpref, lzcnt, sse4a, ht, tsc, tscinvbit, tscinv, bmi1, bmi2, adx, sha, fma

Memory: 4k page, system-wide physical 5996M (644M free)
TotalPageFile size 24428M (AvailPageFile size 64M)
current process WorkingSet (physical memory assigned to process): 148M, peak: 308M
current process commit charge ("private bytes"): 358M, peak: 369M

vm_info: Java HotSpot(TM) 64-Bit Server VM (11.0.24+7-LTS-271) for windows-amd64 JRE (11.0.24+7-LTS-271), built on Jun  5 2024 06:54:11 by "mach5one" with MS VC++ 17.6 (VS2022)

END.
